  main.cpp
C:\Users\Personal\Watch-Out-Bees\Watch-Out-Bees\all.h(1,1): warning C4828: 파일에 0x5bd 오프셋에서 시작하는 문자가 포함되어 있습니다. 이 문자는 현재 원본 문자 집합에서 잘못된 문자입니다(코드 페이지 949).
C:\Users\Personal\Watch-Out-Bees\Watch-Out-Bees\all.h(30,26): warning C4244: '인수': 'int'에서 'float'(으)로 변환하면서 데이터가 손실될 수 있습니다.
C:\Users\Personal\Watch-Out-Bees\Watch-Out-Bees\all.h(34,29): warning C4244: '인수': 'int'에서 'float'(으)로 변환하면서 데이터가 손실될 수 있습니다.
C:\Users\Personal\Watch-Out-Bees\Watch-Out-Bees\all.h(38,43): warning C4244: '인수': 'int'에서 'float'(으)로 변환하면서 데이터가 손실될 수 있습니다.
C:\Users\Personal\Watch-Out-Bees\Watch-Out-Bees\all.h(42,40): warning C4244: '인수': 'int'에서 'float'(으)로 변환하면서 데이터가 손실될 수 있습니다.
C:\Users\Personal\Watch-Out-Bees\Watch-Out-Bees\main.cpp(23,12): warning C4244: '인수': 'time_t'에서 'unsigned int'(으)로 변환하면서 데이터가 손실될 수 있습니다.
C:\Users\Personal\Watch-Out-Bees\Watch-Out-Bees\main.cpp(100,67): warning C4244: '인수': 'int'에서 'float'(으)로 변환하면서 데이터가 손실될 수 있습니다.
C:\Users\Personal\Watch-Out-Bees\Watch-Out-Bees\main.cpp(100,43): warning C4244: '인수': 'double'에서 'float'(으)로 변환하면서 데이터가 손실될 수 있습니다.
C:\Users\Personal\Watch-Out-Bees\Watch-Out-Bees\main.cpp(149,28): warning C4244: '인수': 'int'에서 'float'(으)로 변환하면서 데이터가 손실될 수 있습니다.
C:\Users\Personal\Watch-Out-Bees\Watch-Out-Bees\main.cpp(153,31): warning C4244: '인수': 'int'에서 'float'(으)로 변환하면서 데이터가 손실될 수 있습니다.
C:\Users\Personal\Watch-Out-Bees\Watch-Out-Bees\main.cpp(157,45): warning C4244: '인수': 'int'에서 'float'(으)로 변환하면서 데이터가 손실될 수 있습니다.
C:\Users\Personal\Watch-Out-Bees\Watch-Out-Bees\main.cpp(161,42): warning C4244: '인수': 'int'에서 'float'(으)로 변환하면서 데이터가 손실될 수 있습니다.
C:\Users\Personal\Watch-Out-Bees\Watch-Out-Bees\main.cpp(206,28): warning C4244: '인수': 'int'에서 'float'(으)로 변환하면서 데이터가 손실될 수 있습니다.
C:\Users\Personal\Watch-Out-Bees\Watch-Out-Bees\main.cpp(223,70): warning C4244: '인수': 'int'에서 'float'(으)로 변환하면서 데이터가 손실될 수 있습니다.
C:\Users\Personal\Watch-Out-Bees\Watch-Out-Bees\main.cpp(223,46): warning C4244: '인수': 'double'에서 'float'(으)로 변환하면서 데이터가 손실될 수 있습니다.
C:\Users\Personal\Watch-Out-Bees\Watch-Out-Bees\main.cpp(271,42): warning C4244: '인수': 'int'에서 'float'(으)로 변환하면서 데이터가 손실될 수 있습니다.
C:\Users\Personal\Watch-Out-Bees\Watch-Out-Bees\main.cpp(282,78): warning C4244: '인수': 'double'에서 'float'(으)로 변환하면서 데이터가 손실될 수 있습니다.
C:\Users\Personal\Watch-Out-Bees\Watch-Out-Bees\main.cpp(282,53): warning C4244: '인수': 'double'에서 'float'(으)로 변환하면서 데이터가 손실될 수 있습니다.
C:\Users\Personal\Watch-Out-Bees\Watch-Out-Bees\main.cpp(313,3): warning C4996: 'sprintf': This function or variable may be unsafe. Consider using sprintf_s instead. To disable deprecation, use _CRT_SECURE_NO_WARNINGS. See online help for details.
  Watch-Out-Bees.vcxproj -> C:\Users\Personal\Watch-Out-Bees\x64\Debug\Watch-Out-Bees.exe
